{
  "uid" : "1130b8db271e5109",
  "name" : "To export the list of visitors",
  "fullName" : "Test the Visitor feature: To export the list of visitors",
  "historyId" : "17d9048e0fec83d26c87ced7111671d0",
  "time" : {
    "start" : 1628853500424,
    "stop" : 1628853525174,
    "duration" : 24750
  },
  "status" : "broken",
  "statusMessage" : "Cannot locate an element using xpath=/html/body/tb-root/tb-home/mat-sidenav-container/mat-sidenav-content/div/div/tb-ag-grid-entity/mat-drawer-container/mat-drawer-content/div/div/mat-toolbar[1]/div/div[2]/button[2]/span[1]/mat-icon\nFor documentation on this error, please visit: https://www.seleniumhq.org/exceptions/no_such_element.html\nBuild info: version: '3.141.59', revision: 'e82be7d358', time: '2018-11-14T08:17:03'\nSystem info: host: 'EYAB', ip: '169.254.78.167', os.name: 'Windows 10', os.arch: 'amd64', os.version: '10.0', java.version: '11.0.12'\nDriver info: driver.version: RemoteWebDriver",
  "statusTrace" : "org.openqa.selenium.NoSuchElementException: Cannot locate an element using xpath=/html/body/tb-root/tb-home/mat-sidenav-container/mat-sidenav-content/div/div/tb-ag-grid-entity/mat-drawer-container/mat-drawer-content/div/div/mat-toolbar[1]/div/div[2]/button[2]/span[1]/mat-icon\nFor documentation on this error, please visit: https://www.seleniumhq.org/exceptions/no_such_element.html\nBuild info: version: '3.141.59', revision: 'e82be7d358', time: '2018-11-14T08:17:03'\nSystem info: host: 'EYAB', ip: '169.254.78.167', os.name: 'Windows 10', os.arch: 'amd64', os.version: '10.0', java.version: '11.0.12'\nDriver info: driver.version: RemoteWebDriver\r\n\tat org.openqa.selenium.remote.RemoteWebDriver.findElement(RemoteWebDriver.java:327)\r\n\tat org.openqa.selenium.remote.RemoteWebDriver.findElementByXPath(RemoteWebDriver.java:428)\r\n\tat org.openqa.selenium.By$ByXPath.findElement(By.java:353)\r\n\tat org.openqa.selenium.remote.RemoteWebDriver.findElement(RemoteWebDriver.java:315)\r\n\tat org.openqa.selenium.support.pagefactory.DefaultElementLocator.findElement(DefaultElementLocator.java:69)\r\n\tat org.openqa.selenium.support.pagefactory.internal.LocatingElementHandler.invoke(LocatingElementHandler.java:38)\r\n\tat com.sun.proxy.$Proxy19.click(Unknown Source)\r\n\tat com.redsea.pages.VisitorPage.clickonexportbutton(VisitorPage.java:123)\r\n\tat steps.VisitorSteps.userClickOnExportButton(VisitorSteps.java:62)\r\n\tat ✽.User click on export button(file:///C:/Users/Eya/Desktop/Internship/Project%20with%20pom/src/test/java/features/Visitor.feature:12)\r\n",
  "flaky" : false,
  "newFailed" : false,
  "beforeStages" : [ {
    "name" : "steps.Hooks.runsBeforeAnyScenario()",
    "time" : {
      "start" : 1628853500424,
      "stop" : 1628853500425,
      "duration" : 1
    },
    "status" : "passed",
    "steps" : [ ],
    "attachments" : [ ],
    "parameters" : [ ],
    "shouldDisplayMessage" : false,
    "attachmentsCount" : 0,
    "hasContent" : false,
    "stepsCount" : 0
  } ],
  "testStage" : {
    "status" : "broken",
    "statusMessage" : "Cannot locate an element using xpath=/html/body/tb-root/tb-home/mat-sidenav-container/mat-sidenav-content/div/div/tb-ag-grid-entity/mat-drawer-container/mat-drawer-content/div/div/mat-toolbar[1]/div/div[2]/button[2]/span[1]/mat-icon\nFor documentation on this error, please visit: https://www.seleniumhq.org/exceptions/no_such_element.html\nBuild info: version: '3.141.59', revision: 'e82be7d358', time: '2018-11-14T08:17:03'\nSystem info: host: 'EYAB', ip: '169.254.78.167', os.name: 'Windows 10', os.arch: 'amd64', os.version: '10.0', java.version: '11.0.12'\nDriver info: driver.version: RemoteWebDriver",
    "statusTrace" : "org.openqa.selenium.NoSuchElementException: Cannot locate an element using xpath=/html/body/tb-root/tb-home/mat-sidenav-container/mat-sidenav-content/div/div/tb-ag-grid-entity/mat-drawer-container/mat-drawer-content/div/div/mat-toolbar[1]/div/div[2]/button[2]/span[1]/mat-icon\nFor documentation on this error, please visit: https://www.seleniumhq.org/exceptions/no_such_element.html\nBuild info: version: '3.141.59', revision: 'e82be7d358', time: '2018-11-14T08:17:03'\nSystem info: host: 'EYAB', ip: '169.254.78.167', os.name: 'Windows 10', os.arch: 'amd64', os.version: '10.0', java.version: '11.0.12'\nDriver info: driver.version: RemoteWebDriver\r\n\tat org.openqa.selenium.remote.RemoteWebDriver.findElement(RemoteWebDriver.java:327)\r\n\tat org.openqa.selenium.remote.RemoteWebDriver.findElementByXPath(RemoteWebDriver.java:428)\r\n\tat org.openqa.selenium.By$ByXPath.findElement(By.java:353)\r\n\tat org.openqa.selenium.remote.RemoteWebDriver.findElement(RemoteWebDriver.java:315)\r\n\tat org.openqa.selenium.support.pagefactory.DefaultElementLocator.findElement(DefaultElementLocator.java:69)\r\n\tat org.openqa.selenium.support.pagefactory.internal.LocatingElementHandler.invoke(LocatingElementHandler.java:38)\r\n\tat com.sun.proxy.$Proxy19.click(Unknown Source)\r\n\tat com.redsea.pages.VisitorPage.clickonexportbutton(VisitorPage.java:123)\r\n\tat steps.VisitorSteps.userClickOnExportButton(VisitorSteps.java:62)\r\n\tat ✽.User click on export button(file:///C:/Users/Eya/Desktop/Internship/Project%20with%20pom/src/test/java/features/Visitor.feature:12)\r\n",
    "steps" : [ {
      "name" : "Given  User go to visitor page",
      "time" : {
        "start" : 1628853500425,
        "stop" : 1628853507091,
        "duration" : 6666
      },
      "status" : "passed",
      "steps" : [ ],
      "attachments" : [ ],
      "parameters" : [ ],
      "shouldDisplayMessage" : false,
      "attachmentsCount" : 0,
      "hasContent" : false,
      "stepsCount" : 0
    }, {
      "name" : "When  User click on export button",
      "time" : {
        "start" : 1628853507092,
        "stop" : 1628853525155,
        "duration" : 18063
      },
      "status" : "broken",
      "statusMessage" : "Cannot locate an element using xpath=/html/body/tb-root/tb-home/mat-sidenav-container/mat-sidenav-content/div/div/tb-ag-grid-entity/mat-drawer-container/mat-drawer-content/div/div/mat-toolbar[1]/div/div[2]/button[2]/span[1]/mat-icon\nFor documentation on this error, please visit: https://www.seleniumhq.org/exceptions/no_such_element.html\nBuild info: version: '3.141.59', revision: 'e82be7d358', time: '2018-11-14T08:17:03'\nSystem info: host: 'EYAB', ip: '169.254.78.167', os.name: 'Windows 10', os.arch: 'amd64', os.version: '10.0', java.version: '11.0.12'\nDriver info: driver.version: RemoteWebDriver",
      "statusTrace" : "org.openqa.selenium.NoSuchElementException: Cannot locate an element using xpath=/html/body/tb-root/tb-home/mat-sidenav-container/mat-sidenav-content/div/div/tb-ag-grid-entity/mat-drawer-container/mat-drawer-content/div/div/mat-toolbar[1]/div/div[2]/button[2]/span[1]/mat-icon\nFor documentation on this error, please visit: https://www.seleniumhq.org/exceptions/no_such_element.html\nBuild info: version: '3.141.59', revision: 'e82be7d358', time: '2018-11-14T08:17:03'\nSystem info: host: 'EYAB', ip: '169.254.78.167', os.name: 'Windows 10', os.arch: 'amd64', os.version: '10.0', java.version: '11.0.12'\nDriver info: driver.version: RemoteWebDriver\r\n\tat org.openqa.selenium.remote.RemoteWebDriver.findElement(RemoteWebDriver.java:327)\r\n\tat org.openqa.selenium.remote.RemoteWebDriver.findElementByXPath(RemoteWebDriver.java:428)\r\n\tat org.openqa.selenium.By$ByXPath.findElement(By.java:353)\r\n\tat org.openqa.selenium.remote.RemoteWebDriver.findElement(RemoteWebDriver.java:315)\r\n\tat org.openqa.selenium.support.pagefactory.DefaultElementLocator.findElement(DefaultElementLocator.java:69)\r\n\tat org.openqa.selenium.support.pagefactory.internal.LocatingElementHandler.invoke(LocatingElementHandler.java:38)\r\n\tat com.sun.proxy.$Proxy19.click(Unknown Source)\r\n\tat com.redsea.pages.VisitorPage.clickonexportbutton(VisitorPage.java:123)\r\n\tat steps.VisitorSteps.userClickOnExportButton(VisitorSteps.java:62)\r\n\tat ✽.User click on export button(file:///C:/Users/Eya/Desktop/Internship/Project%20with%20pom/src/test/java/features/Visitor.feature:12)\r\n",
      "steps" : [ ],
      "attachments" : [ ],
      "parameters" : [ ],
      "shouldDisplayMessage" : true,
      "attachmentsCount" : 0,
      "hasContent" : true,
      "stepsCount" : 0
    }, {
      "name" : "Then  User should navigate to visitor dashboard",
      "time" : {
        "start" : 1628853525157,
        "stop" : 1628853525159,
        "duration" : 2
      },
      "status" : "skipped",
      "steps" : [ ],
      "attachments" : [ ],
      "parameters" : [ ],
      "shouldDisplayMessage" : false,
      "attachmentsCount" : 0,
      "hasContent" : false,
      "stepsCount" : 0
    } ],
    "attachments" : [ ],
    "parameters" : [ ],
    "shouldDisplayMessage" : false,
    "attachmentsCount" : 0,
    "hasContent" : true,
    "stepsCount" : 3
  },
  "afterStages" : [ {
    "name" : "steps.Hooks.runsAfterAnyscenario()",
    "time" : {
      "start" : 1628853525159,
      "stop" : 1628853525159,
      "duration" : 0
    },
    "status" : "passed",
    "steps" : [ ],
    "attachments" : [ ],
    "parameters" : [ ],
    "shouldDisplayMessage" : false,
    "attachmentsCount" : 0,
    "hasContent" : false,
    "stepsCount" : 0
  } ],
  "labels" : [ {
    "name" : "tag",
    "value" : "SanityTest01"
  }, {
    "name" : "host",
    "value" : "Eyab"
  }, {
    "name" : "thread",
    "value" : "19124@Eyab.main(1)"
  }, {
    "name" : "feature",
    "value" : "Test the Visitor feature"
  }, {
    "name" : "story",
    "value" : "To export the list of visitors"
  }, {
    "name" : "suite",
    "value" : "Test the Visitor feature"
  }, {
    "name" : "testClass",
    "value" : "To export the list of visitors"
  }, {
    "name" : "framework",
    "value" : "cucumber4jvm"
  }, {
    "name" : "language",
    "value" : "java"
  }, {
    "name" : "gherkin_uri",
    "value" : "file:///C:/Users/Eya/Desktop/Internship/Project%20with%20pom/src/test/java/features/Visitor.feature"
  }, {
    "name" : "package",
    "value" : "src.test.java.features.Visitor_feature.Test the Visitor feature"
  }, {
    "name" : "resultFormat",
    "value" : "allure2"
  } ],
  "parameters" : [ ],
  "links" : [ ],
  "hidden" : false,
  "retry" : false,
  "extra" : {
    "severity" : "normal",
    "retries" : [ {
      "uid" : "ef729a201fb20b34",
      "status" : "passed",
      "time" : {
        "start" : 1628849442049,
        "stop" : 1628849445321,
        "duration" : 3272
      }
    }, {
      "uid" : "3abbb70ca58aeadf",
      "status" : "passed",
      "time" : {
        "start" : 1628783391971,
        "stop" : 1628783394395,
        "duration" : 2424
      }
    }, {
      "uid" : "6909be3b9eeec315",
      "status" : "broken",
      "statusDetails" : "Cannot locate an element using xpath=/html/body/tb-root/tb-home/mat-sidenav-container/mat-sidenav-content/div/div/tb-ag-grid-entity/mat-drawer-container/mat-drawer-content/div/div/mat-toolbar[1]/div/button[2]\nFor documentation on this error, please visit: https://www.seleniumhq.org/exceptions/no_such_element.html\nBuild info: version: '3.141.59', revision: 'e82be7d358', time: '2018-11-14T08:17:03'\nSystem info: host: 'EYAB', ip: '169.254.78.167', os.name: 'Windows 10', os.arch: 'amd64', os.version: '10.0', java.version: '11.0.12'\nDriver info: driver.version: RemoteWebDriver",
      "time" : {
        "start" : 1628782955223,
        "stop" : 1628783352931,
        "duration" : 397708
      }
    }, {
      "uid" : "a5518ce4e89e23f3",
      "status" : "broken",
      "statusDetails" : "Cannot locate an element using xpath=/html/body/tb-root/tb-home/mat-sidenav-container/mat-sidenav-content/div/div/tb-ag-grid-entity/mat-drawer-container/mat-drawer-content/div/div/mat-toolbar[1]/div/button[2]\nFor documentation on this error, please visit: https://www.seleniumhq.org/exceptions/no_such_element.html\nBuild info: version: '3.141.59', revision: 'e82be7d358', time: '2018-11-14T08:17:03'\nSystem info: host: 'EYAB', ip: '169.254.78.167', os.name: 'Windows 10', os.arch: 'amd64', os.version: '10.0', java.version: '11.0.12'\nDriver info: driver.version: RemoteWebDriver",
      "time" : {
        "start" : 1628760520590,
        "stop" : 1628760664618,
        "duration" : 144028
      }
    }, {
      "uid" : "8ad4af3cb49f63cb",
      "status" : "broken",
      "statusDetails" : "java.lang.NullPointerException",
      "time" : {
        "start" : 1628760314216,
        "stop" : 1628760319241,
        "duration" : 5025
      }
    }, {
      "uid" : "2699cf5b5d568690",
      "status" : "broken",
      "statusDetails" : "java.lang.NullPointerException",
      "time" : {
        "start" : 1628759168598,
        "stop" : 1628759173603,
        "duration" : 5005
      }
    }, {
      "uid" : "5a81a5d0d89bb294",
      "status" : "broken",
      "statusDetails" : "java.lang.NullPointerException",
      "time" : {
        "start" : 1628758892477,
        "stop" : 1628758897484,
        "duration" : 5007
      }
    }, {
      "uid" : "b4e1ab9c1ee7ab8c",
      "status" : "broken",
      "statusDetails" : "java.lang.NullPointerException",
      "time" : {
        "start" : 1628680879645,
        "stop" : 1628680879651,
        "duration" : 6
      }
    } ],
    "categories" : [ {
      "name" : "Test defects",
      "matchedStatuses" : [ ],
      "flaky" : false
    } ],
    "tags" : [ "SanityTest01" ]
  },
  "source" : "1130b8db271e5109.json",
  "parameterValues" : [ ]
}