{
  "uid" : "52732bf9bd22087e",
  "name" : "To Add a new visitor",
  "fullName" : "Test the Visitor feature: To Add a new visitor",
  "historyId" : "63a4cfdbf06e7c5bbd76b99f6d044fcb",
  "time" : {
    "start" : 1628863033695,
    "stop" : 1628863183910,
    "duration" : 150215
  },
  "status" : "broken",
  "statusMessage" : "Cannot locate an element using xpath=/html/body/div[3]/div[2]/div/mat-dialog-container/tb-add-visitor-dialog/form/div[3]/button[2]\n\nFor documentation on this error, please visit: https://www.seleniumhq.org/exceptions/no_such_element.html\nBuild info: version: '3.141.59', revision: 'e82be7d358', time: '2018-11-14T08:17:03'\nSystem info: host: 'EYAB', ip: '169.254.78.167', os.name: 'Windows 10', os.arch: 'amd64', os.version: '10.0', java.version: '11.0.12'\nDriver info: driver.version: RemoteWebDriver",
  "statusTrace" : "org.openqa.selenium.NoSuchElementException: Cannot locate an element using xpath=/html/body/div[3]/div[2]/div/mat-dialog-container/tb-add-visitor-dialog/form/div[3]/button[2]\n\nFor documentation on this error, please visit: https://www.seleniumhq.org/exceptions/no_such_element.html\nBuild info: version: '3.141.59', revision: 'e82be7d358', time: '2018-11-14T08:17:03'\nSystem info: host: 'EYAB', ip: '169.254.78.167', os.name: 'Windows 10', os.arch: 'amd64', os.version: '10.0', java.version: '11.0.12'\nDriver info: driver.version: RemoteWebDriver\r\n\tat org.openqa.selenium.remote.RemoteWebDriver.findElement(RemoteWebDriver.java:327)\r\n\tat org.openqa.selenium.remote.RemoteWebDriver.findElementByXPath(RemoteWebDriver.java:428)\r\n\tat org.openqa.selenium.By$ByXPath.findElement(By.java:353)\r\n\tat org.openqa.selenium.remote.RemoteWebDriver.findElement(RemoteWebDriver.java:315)\r\n\tat org.openqa.selenium.support.pagefactory.DefaultElementLocator.findElement(DefaultElementLocator.java:69)\r\n\tat org.openqa.selenium.support.pagefactory.internal.LocatingElementHandler.invoke(LocatingElementHandler.java:38)\r\n\tat com.sun.proxy.$Proxy19.click(Unknown Source)\r\n\tat com.redsea.pages.VisitorPage.clickToConfirmAdd(VisitorPage.java:138)\r\n\tat steps.VisitorSteps.click_to_confirm(VisitorSteps.java:46)\r\n\tat ✽.click to confirm(file:///C:/Users/Eya/Desktop/Internship/Project%20with%20pom/src/test/java/features/T02Visitor.feature:7)\r\n",
  "flaky" : false,
  "newFailed" : false,
  "beforeStages" : [ {
    "name" : "steps.Hooks.runsBeforeAnyScenario()",
    "time" : {
      "start" : 1628863033695,
      "stop" : 1628863033696,
      "duration" : 1
    },
    "status" : "passed",
    "steps" : [ ],
    "attachments" : [ ],
    "parameters" : [ ],
    "shouldDisplayMessage" : false,
    "attachmentsCount" : 0,
    "hasContent" : false,
    "stepsCount" : 0
  } ],
  "testStage" : {
    "status" : "broken",
    "statusMessage" : "Cannot locate an element using xpath=/html/body/div[3]/div[2]/div/mat-dialog-container/tb-add-visitor-dialog/form/div[3]/button[2]\n\nFor documentation on this error, please visit: https://www.seleniumhq.org/exceptions/no_such_element.html\nBuild info: version: '3.141.59', revision: 'e82be7d358', time: '2018-11-14T08:17:03'\nSystem info: host: 'EYAB', ip: '169.254.78.167', os.name: 'Windows 10', os.arch: 'amd64', os.version: '10.0', java.version: '11.0.12'\nDriver info: driver.version: RemoteWebDriver",
    "statusTrace" : "org.openqa.selenium.NoSuchElementException: Cannot locate an element using xpath=/html/body/div[3]/div[2]/div/mat-dialog-container/tb-add-visitor-dialog/form/div[3]/button[2]\n\nFor documentation on this error, please visit: https://www.seleniumhq.org/exceptions/no_such_element.html\nBuild info: version: '3.141.59', revision: 'e82be7d358', time: '2018-11-14T08:17:03'\nSystem info: host: 'EYAB', ip: '169.254.78.167', os.name: 'Windows 10', os.arch: 'amd64', os.version: '10.0', java.version: '11.0.12'\nDriver info: driver.version: RemoteWebDriver\r\n\tat org.openqa.selenium.remote.RemoteWebDriver.findElement(RemoteWebDriver.java:327)\r\n\tat org.openqa.selenium.remote.RemoteWebDriver.findElementByXPath(RemoteWebDriver.java:428)\r\n\tat org.openqa.selenium.By$ByXPath.findElement(By.java:353)\r\n\tat org.openqa.selenium.remote.RemoteWebDriver.findElement(RemoteWebDriver.java:315)\r\n\tat org.openqa.selenium.support.pagefactory.DefaultElementLocator.findElement(DefaultElementLocator.java:69)\r\n\tat org.openqa.selenium.support.pagefactory.internal.LocatingElementHandler.invoke(LocatingElementHandler.java:38)\r\n\tat com.sun.proxy.$Proxy19.click(Unknown Source)\r\n\tat com.redsea.pages.VisitorPage.clickToConfirmAdd(VisitorPage.java:138)\r\n\tat steps.VisitorSteps.click_to_confirm(VisitorSteps.java:46)\r\n\tat ✽.click to confirm(file:///C:/Users/Eya/Desktop/Internship/Project%20with%20pom/src/test/java/features/T02Visitor.feature:7)\r\n",
    "steps" : [ {
      "name" : "Given  User go to visitor page and click on add new visitor",
      "time" : {
        "start" : 1628863033696,
        "stop" : 1628863047922,
        "duration" : 14226
      },
      "status" : "passed",
      "steps" : [ ],
      "attachments" : [ ],
      "parameters" : [ ],
      "shouldDisplayMessage" : false,
      "attachmentsCount" : 0,
      "hasContent" : false,
      "stepsCount" : 0
    }, {
      "name" : "When  User type visitor information",
      "time" : {
        "start" : 1628863047922,
        "stop" : 1628863054583,
        "duration" : 6661
      },
      "status" : "passed",
      "steps" : [ ],
      "attachments" : [ ],
      "parameters" : [ ],
      "shouldDisplayMessage" : false,
      "attachmentsCount" : 0,
      "hasContent" : false,
      "stepsCount" : 0
    }, {
      "name" : "And  click to confirm",
      "time" : {
        "start" : 1628863054585,
        "stop" : 1628863183830,
        "duration" : 129245
      },
      "status" : "broken",
      "statusMessage" : "Cannot locate an element using xpath=/html/body/div[3]/div[2]/div/mat-dialog-container/tb-add-visitor-dialog/form/div[3]/button[2]\n\nFor documentation on this error, please visit: https://www.seleniumhq.org/exceptions/no_such_element.html\nBuild info: version: '3.141.59', revision: 'e82be7d358', time: '2018-11-14T08:17:03'\nSystem info: host: 'EYAB', ip: '169.254.78.167', os.name: 'Windows 10', os.arch: 'amd64', os.version: '10.0', java.version: '11.0.12'\nDriver info: driver.version: RemoteWebDriver",
      "statusTrace" : "org.openqa.selenium.NoSuchElementException: Cannot locate an element using xpath=/html/body/div[3]/div[2]/div/mat-dialog-container/tb-add-visitor-dialog/form/div[3]/button[2]\n\nFor documentation on this error, please visit: https://www.seleniumhq.org/exceptions/no_such_element.html\nBuild info: version: '3.141.59', revision: 'e82be7d358', time: '2018-11-14T08:17:03'\nSystem info: host: 'EYAB', ip: '169.254.78.167', os.name: 'Windows 10', os.arch: 'amd64', os.version: '10.0', java.version: '11.0.12'\nDriver info: driver.version: RemoteWebDriver\r\n\tat org.openqa.selenium.remote.RemoteWebDriver.findElement(RemoteWebDriver.java:327)\r\n\tat org.openqa.selenium.remote.RemoteWebDriver.findElementByXPath(RemoteWebDriver.java:428)\r\n\tat org.openqa.selenium.By$ByXPath.findElement(By.java:353)\r\n\tat org.openqa.selenium.remote.RemoteWebDriver.findElement(RemoteWebDriver.java:315)\r\n\tat org.openqa.selenium.support.pagefactory.DefaultElementLocator.findElement(DefaultElementLocator.java:69)\r\n\tat org.openqa.selenium.support.pagefactory.internal.LocatingElementHandler.invoke(LocatingElementHandler.java:38)\r\n\tat com.sun.proxy.$Proxy19.click(Unknown Source)\r\n\tat com.redsea.pages.VisitorPage.clickToConfirmAdd(VisitorPage.java:138)\r\n\tat steps.VisitorSteps.click_to_confirm(VisitorSteps.java:46)\r\n\tat ✽.click to confirm(file:///C:/Users/Eya/Desktop/Internship/Project%20with%20pom/src/test/java/features/T02Visitor.feature:7)\r\n",
      "steps" : [ ],
      "attachments" : [ ],
      "parameters" : [ ],
      "shouldDisplayMessage" : true,
      "attachmentsCount" : 0,
      "hasContent" : true,
      "stepsCount" : 0
    }, {
      "name" : "Then  User should navigate to visitor dashboard",
      "time" : {
        "start" : 1628863183831,
        "stop" : 1628863183833,
        "duration" : 2
      },
      "status" : "skipped",
      "steps" : [ ],
      "attachments" : [ ],
      "parameters" : [ ],
      "shouldDisplayMessage" : false,
      "attachmentsCount" : 0,
      "hasContent" : false,
      "stepsCount" : 0
    } ],
    "attachments" : [ ],
    "parameters" : [ ],
    "shouldDisplayMessage" : false,
    "attachmentsCount" : 0,
    "hasContent" : true,
    "stepsCount" : 4
  },
  "afterStages" : [ {
    "name" : "steps.Hooks.runsAfterAnyscenario()",
    "time" : {
      "start" : 1628863183833,
      "stop" : 1628863183833,
      "duration" : 0
    },
    "status" : "passed",
    "steps" : [ ],
    "attachments" : [ ],
    "parameters" : [ ],
    "shouldDisplayMessage" : false,
    "attachmentsCount" : 0,
    "hasContent" : false,
    "stepsCount" : 0
  } ],
  "labels" : [ {
    "name" : "host",
    "value" : "Eyab"
  }, {
    "name" : "thread",
    "value" : "32196@Eyab.main(1)"
  }, {
    "name" : "feature",
    "value" : "Test the Visitor feature"
  }, {
    "name" : "story",
    "value" : "To Add a new visitor"
  }, {
    "name" : "suite",
    "value" : "Test the Visitor feature"
  }, {
    "name" : "testClass",
    "value" : "To Add a new visitor"
  }, {
    "name" : "framework",
    "value" : "cucumber4jvm"
  }, {
    "name" : "language",
    "value" : "java"
  }, {
    "name" : "gherkin_uri",
    "value" : "file:///C:/Users/Eya/Desktop/Internship/Project%20with%20pom/src/test/java/features/T02Visitor.feature"
  }, {
    "name" : "package",
    "value" : "src.test.java.features.T02Visitor_feature.Test the Visitor feature"
  }, {
    "name" : "resultFormat",
    "value" : "allure2"
  } ],
  "parameters" : [ ],
  "links" : [ ],
  "hidden" : true,
  "retry" : true,
  "extra" : {
    "categories" : [ ],
    "tags" : [ ]
  },
  "source" : "52732bf9bd22087e.json",
  "parameterValues" : [ ]
}