{
  "uid" : "5739216bd25f0b16",
  "name" : "To Add a new Team",
  "fullName" : "Test the Team feature: To Add a new Team",
  "historyId" : "c37e25c14f6721cf1d625eaf666cd09f",
  "time" : {
    "start" : 1629886728224,
    "stop" : 1629886828012,
    "duration" : 99788
  },
  "status" : "broken",
  "statusMessage" : "Cannot locate an element using id=mat-input-11\nFor documentation on this error, please visit: https://www.seleniumhq.org/exceptions/no_such_element.html\nBuild info: version: '3.141.59', revision: 'e82be7d358', time: '2018-11-14T08:17:03'\nSystem info: host: 'DESKTOP-22IC36O', ip: '10.0.0.152', os.name: 'Windows 10', os.arch: 'amd64', os.version: '10.0', java.version: '16.0.2'\nDriver info: driver.version: RemoteWebDriver",
  "statusTrace" : "org.openqa.selenium.NoSuchElementException: Cannot locate an element using id=mat-input-11\nFor documentation on this error, please visit: https://www.seleniumhq.org/exceptions/no_such_element.html\nBuild info: version: '3.141.59', revision: 'e82be7d358', time: '2018-11-14T08:17:03'\nSystem info: host: 'DESKTOP-22IC36O', ip: '10.0.0.152', os.name: 'Windows 10', os.arch: 'amd64', os.version: '10.0', java.version: '16.0.2'\nDriver info: driver.version: RemoteWebDriver\r\n\tat org.openqa.selenium.remote.RemoteWebDriver.findElement(RemoteWebDriver.java:327)\r\n\tat org.openqa.selenium.remote.RemoteWebDriver.findElementById(RemoteWebDriver.java:372)\r\n\tat org.openqa.selenium.By$ById.findElement(By.java:188)\r\n\tat org.openqa.selenium.remote.RemoteWebDriver.findElement(RemoteWebDriver.java:315)\r\n\tat org.openqa.selenium.support.pagefactory.DefaultElementLocator.findElement(DefaultElementLocator.java:69)\r\n\tat org.openqa.selenium.support.pagefactory.internal.LocatingElementHandler.invoke(LocatingElementHandler.java:38)\r\n\tat jdk.proxy2/jdk.proxy2.$Proxy20.sendKeys(Unknown Source)\r\n\tat com.redsea.pages.TeamPage.enterTeamName(TeamPage.java:59)\r\n\tat steps.TeamSteps.userTypeTeamNewInformation(TeamSteps.java:32)\r\n\tat ✽.User type Team new information(file:///C:/Users/Eyaba/Documents/GitHub/RedSeaProject/src/test/java/features/T06Team.feature:7)\r\n",
  "flaky" : false,
  "newFailed" : false,
  "beforeStages" : [ {
    "name" : "steps.Hooks.runsBeforeAnyScenario()",
    "time" : {
      "start" : 1629886728224,
      "stop" : 1629886728225,
      "duration" : 1
    },
    "status" : "passed",
    "steps" : [ ],
    "attachments" : [ ],
    "parameters" : [ ],
    "shouldDisplayMessage" : false,
    "attachmentsCount" : 0,
    "hasContent" : false,
    "stepsCount" : 0
  } ],
  "testStage" : {
    "status" : "broken",
    "statusMessage" : "Cannot locate an element using id=mat-input-11\nFor documentation on this error, please visit: https://www.seleniumhq.org/exceptions/no_such_element.html\nBuild info: version: '3.141.59', revision: 'e82be7d358', time: '2018-11-14T08:17:03'\nSystem info: host: 'DESKTOP-22IC36O', ip: '10.0.0.152', os.name: 'Windows 10', os.arch: 'amd64', os.version: '10.0', java.version: '16.0.2'\nDriver info: driver.version: RemoteWebDriver",
    "statusTrace" : "org.openqa.selenium.NoSuchElementException: Cannot locate an element using id=mat-input-11\nFor documentation on this error, please visit: https://www.seleniumhq.org/exceptions/no_such_element.html\nBuild info: version: '3.141.59', revision: 'e82be7d358', time: '2018-11-14T08:17:03'\nSystem info: host: 'DESKTOP-22IC36O', ip: '10.0.0.152', os.name: 'Windows 10', os.arch: 'amd64', os.version: '10.0', java.version: '16.0.2'\nDriver info: driver.version: RemoteWebDriver\r\n\tat org.openqa.selenium.remote.RemoteWebDriver.findElement(RemoteWebDriver.java:327)\r\n\tat org.openqa.selenium.remote.RemoteWebDriver.findElementById(RemoteWebDriver.java:372)\r\n\tat org.openqa.selenium.By$ById.findElement(By.java:188)\r\n\tat org.openqa.selenium.remote.RemoteWebDriver.findElement(RemoteWebDriver.java:315)\r\n\tat org.openqa.selenium.support.pagefactory.DefaultElementLocator.findElement(DefaultElementLocator.java:69)\r\n\tat org.openqa.selenium.support.pagefactory.internal.LocatingElementHandler.invoke(LocatingElementHandler.java:38)\r\n\tat jdk.proxy2/jdk.proxy2.$Proxy20.sendKeys(Unknown Source)\r\n\tat com.redsea.pages.TeamPage.enterTeamName(TeamPage.java:59)\r\n\tat steps.TeamSteps.userTypeTeamNewInformation(TeamSteps.java:32)\r\n\tat ✽.User type Team new information(file:///C:/Users/Eyaba/Documents/GitHub/RedSeaProject/src/test/java/features/T06Team.feature:7)\r\n",
    "steps" : [ {
      "name" : "Given  User go to Team page",
      "time" : {
        "start" : 1629886728225,
        "stop" : 1629886733318,
        "duration" : 5093
      },
      "status" : "passed",
      "steps" : [ ],
      "attachments" : [ ],
      "parameters" : [ ],
      "shouldDisplayMessage" : false,
      "attachmentsCount" : 0,
      "hasContent" : false,
      "stepsCount" : 0
    }, {
      "name" : "And  click on add new Team",
      "time" : {
        "start" : 1629886733319,
        "stop" : 1629886733443,
        "duration" : 124
      },
      "status" : "passed",
      "steps" : [ ],
      "attachments" : [ ],
      "parameters" : [ ],
      "shouldDisplayMessage" : false,
      "attachmentsCount" : 0,
      "hasContent" : false,
      "stepsCount" : 0
    }, {
      "name" : "When  User type Team new information",
      "time" : {
        "start" : 1629886733443,
        "stop" : 1629886828004,
        "duration" : 94561
      },
      "status" : "broken",
      "statusMessage" : "Cannot locate an element using id=mat-input-11\nFor documentation on this error, please visit: https://www.seleniumhq.org/exceptions/no_such_element.html\nBuild info: version: '3.141.59', revision: 'e82be7d358', time: '2018-11-14T08:17:03'\nSystem info: host: 'DESKTOP-22IC36O', ip: '10.0.0.152', os.name: 'Windows 10', os.arch: 'amd64', os.version: '10.0', java.version: '16.0.2'\nDriver info: driver.version: RemoteWebDriver",
      "statusTrace" : "org.openqa.selenium.NoSuchElementException: Cannot locate an element using id=mat-input-11\nFor documentation on this error, please visit: https://www.seleniumhq.org/exceptions/no_such_element.html\nBuild info: version: '3.141.59', revision: 'e82be7d358', time: '2018-11-14T08:17:03'\nSystem info: host: 'DESKTOP-22IC36O', ip: '10.0.0.152', os.name: 'Windows 10', os.arch: 'amd64', os.version: '10.0', java.version: '16.0.2'\nDriver info: driver.version: RemoteWebDriver\r\n\tat org.openqa.selenium.remote.RemoteWebDriver.findElement(RemoteWebDriver.java:327)\r\n\tat org.openqa.selenium.remote.RemoteWebDriver.findElementById(RemoteWebDriver.java:372)\r\n\tat org.openqa.selenium.By$ById.findElement(By.java:188)\r\n\tat org.openqa.selenium.remote.RemoteWebDriver.findElement(RemoteWebDriver.java:315)\r\n\tat org.openqa.selenium.support.pagefactory.DefaultElementLocator.findElement(DefaultElementLocator.java:69)\r\n\tat org.openqa.selenium.support.pagefactory.internal.LocatingElementHandler.invoke(LocatingElementHandler.java:38)\r\n\tat jdk.proxy2/jdk.proxy2.$Proxy20.sendKeys(Unknown Source)\r\n\tat com.redsea.pages.TeamPage.enterTeamName(TeamPage.java:59)\r\n\tat steps.TeamSteps.userTypeTeamNewInformation(TeamSteps.java:32)\r\n\tat ✽.User type Team new information(file:///C:/Users/Eyaba/Documents/GitHub/RedSeaProject/src/test/java/features/T06Team.feature:7)\r\n",
      "steps" : [ ],
      "attachments" : [ ],
      "parameters" : [ ],
      "shouldDisplayMessage" : true,
      "attachmentsCount" : 0,
      "hasContent" : true,
      "stepsCount" : 0
    }, {
      "name" : "And  click on submit button Team to confirm",
      "time" : {
        "start" : 1629886828005,
        "stop" : 1629886828006,
        "duration" : 1
      },
      "status" : "skipped",
      "steps" : [ ],
      "attachments" : [ ],
      "parameters" : [ ],
      "shouldDisplayMessage" : false,
      "attachmentsCount" : 0,
      "hasContent" : false,
      "stepsCount" : 0
    }, {
      "name" : "Then  User should navigate to Team dashboard",
      "time" : {
        "start" : 1629886828006,
        "stop" : 1629886828006,
        "duration" : 0
      },
      "status" : "skipped",
      "steps" : [ ],
      "attachments" : [ ],
      "parameters" : [ ],
      "shouldDisplayMessage" : false,
      "attachmentsCount" : 0,
      "hasContent" : false,
      "stepsCount" : 0
    } ],
    "attachments" : [ ],
    "parameters" : [ ],
    "shouldDisplayMessage" : false,
    "attachmentsCount" : 0,
    "hasContent" : true,
    "stepsCount" : 5
  },
  "afterStages" : [ {
    "name" : "steps.Hooks.runsAfterAnyscenario()",
    "time" : {
      "start" : 1629886828006,
      "stop" : 1629886828006,
      "duration" : 0
    },
    "status" : "passed",
    "steps" : [ ],
    "attachments" : [ ],
    "parameters" : [ ],
    "shouldDisplayMessage" : false,
    "attachmentsCount" : 0,
    "hasContent" : false,
    "stepsCount" : 0
  } ],
  "labels" : [ {
    "name" : "tag",
    "value" : "SanityTest01"
  }, {
    "name" : "host",
    "value" : "DESKTOP-22IC36O"
  }, {
    "name" : "thread",
    "value" : "14020@DESKTOP-22IC36O.main(1)"
  }, {
    "name" : "feature",
    "value" : "Test the Team feature"
  }, {
    "name" : "story",
    "value" : "To Add a new Team"
  }, {
    "name" : "suite",
    "value" : "Test the Team feature"
  }, {
    "name" : "testClass",
    "value" : "To Add a new Team"
  }, {
    "name" : "framework",
    "value" : "cucumber4jvm"
  }, {
    "name" : "language",
    "value" : "java"
  }, {
    "name" : "gherkin_uri",
    "value" : "file:///C:/Users/Eyaba/Documents/GitHub/RedSeaProject/src/test/java/features/T06Team.feature"
  }, {
    "name" : "package",
    "value" : "src.test.java.features.T06Team_feature.Test the Team feature"
  }, {
    "name" : "resultFormat",
    "value" : "allure2"
  } ],
  "parameters" : [ ],
  "links" : [ ],
  "hidden" : true,
  "retry" : true,
  "extra" : {
    "categories" : [ ],
    "tags" : [ "SanityTest01" ]
  },
  "source" : "5739216bd25f0b16.json",
  "parameterValues" : [ ]
}