{
  "uid" : "72bbd225a97f9eaf",
  "name" : "To update workforce",
  "fullName" : "Test the Workforce feature: To update workforce",
  "historyId" : "f942e3b8c9476a9163ccf3d1ca4c10fa",
  "time" : {
    "start" : 1629361761797,
    "stop" : 1629362979869,
    "duration" : 1218072
  },
  "status" : "broken",
  "statusMessage" : "Cannot locate an element using xpath=/html/body/tb-root/tb-home/mat-sidenav-container/mat-sidenav-content/div/div/tb-ag-grid-entity/mat-drawer-container/mat-drawer-content/div/div/ag-grid-angular/div/div[2]/div[2]/div[3]/div[2]/div/div/div/div[9]/div/span/tb-ag-grid-row-actions/div[2]/button[1]\nFor documentation on this error, please visit: https://www.seleniumhq.org/exceptions/no_such_element.html\nBuild info: version: '3.141.59', revision: 'e82be7d358', time: '2018-11-14T08:17:03'\nSystem info: host: 'EYAB', ip: '169.254.78.167', os.name: 'Windows 10', os.arch: 'amd64', os.version: '10.0', java.version: '11.0.12'\nDriver info: driver.version: RemoteWebDriver",
  "statusTrace" : "org.openqa.selenium.NoSuchElementException: Cannot locate an element using xpath=/html/body/tb-root/tb-home/mat-sidenav-container/mat-sidenav-content/div/div/tb-ag-grid-entity/mat-drawer-container/mat-drawer-content/div/div/ag-grid-angular/div/div[2]/div[2]/div[3]/div[2]/div/div/div/div[9]/div/span/tb-ag-grid-row-actions/div[2]/button[1]\nFor documentation on this error, please visit: https://www.seleniumhq.org/exceptions/no_such_element.html\nBuild info: version: '3.141.59', revision: 'e82be7d358', time: '2018-11-14T08:17:03'\nSystem info: host: 'EYAB', ip: '169.254.78.167', os.name: 'Windows 10', os.arch: 'amd64', os.version: '10.0', java.version: '11.0.12'\nDriver info: driver.version: RemoteWebDriver\r\n\tat org.openqa.selenium.remote.RemoteWebDriver.findElement(RemoteWebDriver.java:327)\r\n\tat org.openqa.selenium.remote.RemoteWebDriver.findElementByXPath(RemoteWebDriver.java:428)\r\n\tat org.openqa.selenium.By$ByXPath.findElement(By.java:353)\r\n\tat org.openqa.selenium.remote.RemoteWebDriver.findElement(RemoteWebDriver.java:315)\r\n\tat org.openqa.selenium.support.pagefactory.DefaultElementLocator.findElement(DefaultElementLocator.java:69)\r\n\tat org.openqa.selenium.support.pagefactory.internal.LocatingElementHandler.invoke(LocatingElementHandler.java:38)\r\n\tat com.sun.proxy.$Proxy20.click(Unknown Source)\r\n\tat com.redsea.pages.WorkforcePage.clickOnEditButton(WorkforcePage.java:194)\r\n\tat steps.WorkforceSteps.userSelectWorkforceToUpdate(WorkforceSteps.java:67)\r\n\tat ✽.User select workforce to update(file:///C:/Users/Eya/Desktop/Internship/Project%20with%20pom/src/test/java/features/T04Workforce.feature:13)\r\n",
  "flaky" : false,
  "newFailed" : false,
  "beforeStages" : [ {
    "name" : "steps.Hooks.runsBeforeAnyScenario()",
    "time" : {
      "start" : 1629361761797,
      "stop" : 1629361761813,
      "duration" : 16
    },
    "status" : "passed",
    "steps" : [ ],
    "attachments" : [ ],
    "parameters" : [ ],
    "shouldDisplayMessage" : false,
    "attachmentsCount" : 0,
    "hasContent" : false,
    "stepsCount" : 0
  } ],
  "testStage" : {
    "status" : "broken",
    "statusMessage" : "Cannot locate an element using xpath=/html/body/tb-root/tb-home/mat-sidenav-container/mat-sidenav-content/div/div/tb-ag-grid-entity/mat-drawer-container/mat-drawer-content/div/div/ag-grid-angular/div/div[2]/div[2]/div[3]/div[2]/div/div/div/div[9]/div/span/tb-ag-grid-row-actions/div[2]/button[1]\nFor documentation on this error, please visit: https://www.seleniumhq.org/exceptions/no_such_element.html\nBuild info: version: '3.141.59', revision: 'e82be7d358', time: '2018-11-14T08:17:03'\nSystem info: host: 'EYAB', ip: '169.254.78.167', os.name: 'Windows 10', os.arch: 'amd64', os.version: '10.0', java.version: '11.0.12'\nDriver info: driver.version: RemoteWebDriver",
    "statusTrace" : "org.openqa.selenium.NoSuchElementException: Cannot locate an element using xpath=/html/body/tb-root/tb-home/mat-sidenav-container/mat-sidenav-content/div/div/tb-ag-grid-entity/mat-drawer-container/mat-drawer-content/div/div/ag-grid-angular/div/div[2]/div[2]/div[3]/div[2]/div/div/div/div[9]/div/span/tb-ag-grid-row-actions/div[2]/button[1]\nFor documentation on this error, please visit: https://www.seleniumhq.org/exceptions/no_such_element.html\nBuild info: version: '3.141.59', revision: 'e82be7d358', time: '2018-11-14T08:17:03'\nSystem info: host: 'EYAB', ip: '169.254.78.167', os.name: 'Windows 10', os.arch: 'amd64', os.version: '10.0', java.version: '11.0.12'\nDriver info: driver.version: RemoteWebDriver\r\n\tat org.openqa.selenium.remote.RemoteWebDriver.findElement(RemoteWebDriver.java:327)\r\n\tat org.openqa.selenium.remote.RemoteWebDriver.findElementByXPath(RemoteWebDriver.java:428)\r\n\tat org.openqa.selenium.By$ByXPath.findElement(By.java:353)\r\n\tat org.openqa.selenium.remote.RemoteWebDriver.findElement(RemoteWebDriver.java:315)\r\n\tat org.openqa.selenium.support.pagefactory.DefaultElementLocator.findElement(DefaultElementLocator.java:69)\r\n\tat org.openqa.selenium.support.pagefactory.internal.LocatingElementHandler.invoke(LocatingElementHandler.java:38)\r\n\tat com.sun.proxy.$Proxy20.click(Unknown Source)\r\n\tat com.redsea.pages.WorkforcePage.clickOnEditButton(WorkforcePage.java:194)\r\n\tat steps.WorkforceSteps.userSelectWorkforceToUpdate(WorkforceSteps.java:67)\r\n\tat ✽.User select workforce to update(file:///C:/Users/Eya/Desktop/Internship/Project%20with%20pom/src/test/java/features/T04Workforce.feature:13)\r\n",
    "steps" : [ {
      "name" : "Given  User select workforce to update",
      "time" : {
        "start" : 1629361761813,
        "stop" : 1629362979541,
        "duration" : 1217728
      },
      "status" : "broken",
      "statusMessage" : "Cannot locate an element using xpath=/html/body/tb-root/tb-home/mat-sidenav-container/mat-sidenav-content/div/div/tb-ag-grid-entity/mat-drawer-container/mat-drawer-content/div/div/ag-grid-angular/div/div[2]/div[2]/div[3]/div[2]/div/div/div/div[9]/div/span/tb-ag-grid-row-actions/div[2]/button[1]\nFor documentation on this error, please visit: https://www.seleniumhq.org/exceptions/no_such_element.html\nBuild info: version: '3.141.59', revision: 'e82be7d358', time: '2018-11-14T08:17:03'\nSystem info: host: 'EYAB', ip: '169.254.78.167', os.name: 'Windows 10', os.arch: 'amd64', os.version: '10.0', java.version: '11.0.12'\nDriver info: driver.version: RemoteWebDriver",
      "statusTrace" : "org.openqa.selenium.NoSuchElementException: Cannot locate an element using xpath=/html/body/tb-root/tb-home/mat-sidenav-container/mat-sidenav-content/div/div/tb-ag-grid-entity/mat-drawer-container/mat-drawer-content/div/div/ag-grid-angular/div/div[2]/div[2]/div[3]/div[2]/div/div/div/div[9]/div/span/tb-ag-grid-row-actions/div[2]/button[1]\nFor documentation on this error, please visit: https://www.seleniumhq.org/exceptions/no_such_element.html\nBuild info: version: '3.141.59', revision: 'e82be7d358', time: '2018-11-14T08:17:03'\nSystem info: host: 'EYAB', ip: '169.254.78.167', os.name: 'Windows 10', os.arch: 'amd64', os.version: '10.0', java.version: '11.0.12'\nDriver info: driver.version: RemoteWebDriver\r\n\tat org.openqa.selenium.remote.RemoteWebDriver.findElement(RemoteWebDriver.java:327)\r\n\tat org.openqa.selenium.remote.RemoteWebDriver.findElementByXPath(RemoteWebDriver.java:428)\r\n\tat org.openqa.selenium.By$ByXPath.findElement(By.java:353)\r\n\tat org.openqa.selenium.remote.RemoteWebDriver.findElement(RemoteWebDriver.java:315)\r\n\tat org.openqa.selenium.support.pagefactory.DefaultElementLocator.findElement(DefaultElementLocator.java:69)\r\n\tat org.openqa.selenium.support.pagefactory.internal.LocatingElementHandler.invoke(LocatingElementHandler.java:38)\r\n\tat com.sun.proxy.$Proxy20.click(Unknown Source)\r\n\tat com.redsea.pages.WorkforcePage.clickOnEditButton(WorkforcePage.java:194)\r\n\tat steps.WorkforceSteps.userSelectWorkforceToUpdate(WorkforceSteps.java:67)\r\n\tat ✽.User select workforce to update(file:///C:/Users/Eya/Desktop/Internship/Project%20with%20pom/src/test/java/features/T04Workforce.feature:13)\r\n",
      "steps" : [ ],
      "attachments" : [ ],
      "parameters" : [ ],
      "shouldDisplayMessage" : true,
      "attachmentsCount" : 0,
      "hasContent" : true,
      "stepsCount" : 0
    }, {
      "name" : "When  User update workforce information",
      "time" : {
        "start" : 1629362979541,
        "stop" : 1629362979541,
        "duration" : 0
      },
      "status" : "skipped",
      "steps" : [ ],
      "attachments" : [ ],
      "parameters" : [ ],
      "shouldDisplayMessage" : false,
      "attachmentsCount" : 0,
      "hasContent" : false,
      "stepsCount" : 0
    }, {
      "name" : "Then  User click on save workforce update button",
      "time" : {
        "start" : 1629362979541,
        "stop" : 1629362979557,
        "duration" : 16
      },
      "status" : "skipped",
      "steps" : [ ],
      "attachments" : [ ],
      "parameters" : [ ],
      "shouldDisplayMessage" : false,
      "attachmentsCount" : 0,
      "hasContent" : false,
      "stepsCount" : 0
    } ],
    "attachments" : [ ],
    "parameters" : [ ],
    "shouldDisplayMessage" : false,
    "attachmentsCount" : 0,
    "hasContent" : true,
    "stepsCount" : 3
  },
  "afterStages" : [ {
    "name" : "steps.Hooks.runsAfterAnyscenario()",
    "time" : {
      "start" : 1629362979557,
      "stop" : 1629362979557,
      "duration" : 0
    },
    "status" : "passed",
    "steps" : [ ],
    "attachments" : [ ],
    "parameters" : [ ],
    "shouldDisplayMessage" : false,
    "attachmentsCount" : 0,
    "hasContent" : false,
    "stepsCount" : 0
  } ],
  "labels" : [ {
    "name" : "tag",
    "value" : "SanityTest01"
  }, {
    "name" : "host",
    "value" : "Eyab"
  }, {
    "name" : "thread",
    "value" : "8564@Eyab.main(1)"
  }, {
    "name" : "feature",
    "value" : "Test the Workforce feature"
  }, {
    "name" : "story",
    "value" : "To update workforce"
  }, {
    "name" : "suite",
    "value" : "Test the Workforce feature"
  }, {
    "name" : "testClass",
    "value" : "To update workforce"
  }, {
    "name" : "framework",
    "value" : "cucumber4jvm"
  }, {
    "name" : "language",
    "value" : "java"
  }, {
    "name" : "gherkin_uri",
    "value" : "file:///C:/Users/Eya/Desktop/Internship/Project%20with%20pom/src/test/java/features/T04Workforce.feature"
  }, {
    "name" : "package",
    "value" : "src.test.java.features.T04Workforce_feature.Test the Workforce feature"
  }, {
    "name" : "resultFormat",
    "value" : "allure2"
  } ],
  "parameters" : [ ],
  "links" : [ ],
  "hidden" : true,
  "retry" : true,
  "extra" : {
    "categories" : [ ],
    "tags" : [ "SanityTest01" ]
  },
  "source" : "72bbd225a97f9eaf.json",
  "parameterValues" : [ ]
}