{
  "uid" : "a8925c192f2ae4f4",
  "name" : "To Add a new visitor",
  "fullName" : "Test the Visitor feature: To Add a new visitor",
  "historyId" : "63a4cfdbf06e7c5bbd76b99f6d044fcb",
  "time" : {
    "start" : 1629992498489,
    "stop" : 1629992583493,
    "duration" : 85004
  },
  "status" : "broken",
  "statusMessage" : "Cannot locate an element using xpath=/html/body/div[3]/div[2]/div/mat-dialog-container/tb-add-visitor-dialog/form/div[3]/button[2]\n\nFor documentation on this error, please visit: https://www.seleniumhq.org/exceptions/no_such_element.html\nBuild info: version: '3.141.59', revision: 'e82be7d358', time: '2018-11-14T08:17:03'\nSystem info: host: 'DESKTOP-22IC36O', ip: '192.168.1.161', os.name: 'Windows 10', os.arch: 'amd64', os.version: '10.0', java.version: '16.0.2'\nDriver info: driver.version: RemoteWebDriver",
  "statusTrace" : "org.openqa.selenium.NoSuchElementException: Cannot locate an element using xpath=/html/body/div[3]/div[2]/div/mat-dialog-container/tb-add-visitor-dialog/form/div[3]/button[2]\n\nFor documentation on this error, please visit: https://www.seleniumhq.org/exceptions/no_such_element.html\nBuild info: version: '3.141.59', revision: 'e82be7d358', time: '2018-11-14T08:17:03'\nSystem info: host: 'DESKTOP-22IC36O', ip: '192.168.1.161', os.name: 'Windows 10', os.arch: 'amd64', os.version: '10.0', java.version: '16.0.2'\nDriver info: driver.version: RemoteWebDriver\r\n\tat org.openqa.selenium.remote.RemoteWebDriver.findElement(RemoteWebDriver.java:327)\r\n\tat org.openqa.selenium.remote.RemoteWebDriver.findElementByXPath(RemoteWebDriver.java:428)\r\n\tat org.openqa.selenium.By$ByXPath.findElement(By.java:353)\r\n\tat org.openqa.selenium.remote.RemoteWebDriver.findElement(RemoteWebDriver.java:315)\r\n\tat org.openqa.selenium.support.pagefactory.DefaultElementLocator.findElement(DefaultElementLocator.java:69)\r\n\tat org.openqa.selenium.support.pagefactory.internal.LocatingElementHandler.invoke(LocatingElementHandler.java:38)\r\n\tat jdk.proxy2/jdk.proxy2.$Proxy20.click(Unknown Source)\r\n\tat com.redsea.pages.VisitorPage.clickToConfirmAdd(VisitorPage.java:138)\r\n\tat steps.VisitorSteps.clickOnButtonToConfirm(VisitorSteps.java:51)\r\n\tat ✽.click on button to confirm(file:///C:/Users/Eyaba/Documents/GitHub/RedSeaProject/src/test/java/features/T02Visitor.feature:8)\r\n",
  "flaky" : false,
  "newFailed" : false,
  "beforeStages" : [ {
    "name" : "steps.Hooks.runsBeforeAnyScenario()",
    "time" : {
      "start" : 1629992498489,
      "stop" : 1629992498490,
      "duration" : 1
    },
    "status" : "passed",
    "steps" : [ ],
    "attachments" : [ ],
    "parameters" : [ ],
    "shouldDisplayMessage" : false,
    "attachmentsCount" : 0,
    "hasContent" : false,
    "stepsCount" : 0
  } ],
  "testStage" : {
    "status" : "broken",
    "statusMessage" : "Cannot locate an element using xpath=/html/body/div[3]/div[2]/div/mat-dialog-container/tb-add-visitor-dialog/form/div[3]/button[2]\n\nFor documentation on this error, please visit: https://www.seleniumhq.org/exceptions/no_such_element.html\nBuild info: version: '3.141.59', revision: 'e82be7d358', time: '2018-11-14T08:17:03'\nSystem info: host: 'DESKTOP-22IC36O', ip: '192.168.1.161', os.name: 'Windows 10', os.arch: 'amd64', os.version: '10.0', java.version: '16.0.2'\nDriver info: driver.version: RemoteWebDriver",
    "statusTrace" : "org.openqa.selenium.NoSuchElementException: Cannot locate an element using xpath=/html/body/div[3]/div[2]/div/mat-dialog-container/tb-add-visitor-dialog/form/div[3]/button[2]\n\nFor documentation on this error, please visit: https://www.seleniumhq.org/exceptions/no_such_element.html\nBuild info: version: '3.141.59', revision: 'e82be7d358', time: '2018-11-14T08:17:03'\nSystem info: host: 'DESKTOP-22IC36O', ip: '192.168.1.161', os.name: 'Windows 10', os.arch: 'amd64', os.version: '10.0', java.version: '16.0.2'\nDriver info: driver.version: RemoteWebDriver\r\n\tat org.openqa.selenium.remote.RemoteWebDriver.findElement(RemoteWebDriver.java:327)\r\n\tat org.openqa.selenium.remote.RemoteWebDriver.findElementByXPath(RemoteWebDriver.java:428)\r\n\tat org.openqa.selenium.By$ByXPath.findElement(By.java:353)\r\n\tat org.openqa.selenium.remote.RemoteWebDriver.findElement(RemoteWebDriver.java:315)\r\n\tat org.openqa.selenium.support.pagefactory.DefaultElementLocator.findElement(DefaultElementLocator.java:69)\r\n\tat org.openqa.selenium.support.pagefactory.internal.LocatingElementHandler.invoke(LocatingElementHandler.java:38)\r\n\tat jdk.proxy2/jdk.proxy2.$Proxy20.click(Unknown Source)\r\n\tat com.redsea.pages.VisitorPage.clickToConfirmAdd(VisitorPage.java:138)\r\n\tat steps.VisitorSteps.clickOnButtonToConfirm(VisitorSteps.java:51)\r\n\tat ✽.click on button to confirm(file:///C:/Users/Eyaba/Documents/GitHub/RedSeaProject/src/test/java/features/T02Visitor.feature:8)\r\n",
    "steps" : [ {
      "name" : "Given  User go to visitor page",
      "time" : {
        "start" : 1629992498491,
        "stop" : 1629992502002,
        "duration" : 3511
      },
      "status" : "passed",
      "steps" : [ ],
      "attachments" : [ ],
      "parameters" : [ ],
      "shouldDisplayMessage" : false,
      "attachmentsCount" : 0,
      "hasContent" : false,
      "stepsCount" : 0
    }, {
      "name" : "And  click on add new visitor",
      "time" : {
        "start" : 1629992502002,
        "stop" : 1629992505363,
        "duration" : 3361
      },
      "status" : "passed",
      "steps" : [ ],
      "attachments" : [ ],
      "parameters" : [ ],
      "shouldDisplayMessage" : false,
      "attachmentsCount" : 0,
      "hasContent" : false,
      "stepsCount" : 0
    }, {
      "name" : "When  User type visitor information",
      "time" : {
        "start" : 1629992505363,
        "stop" : 1629992509841,
        "duration" : 4478
      },
      "status" : "passed",
      "steps" : [ ],
      "attachments" : [ ],
      "parameters" : [ ],
      "shouldDisplayMessage" : false,
      "attachmentsCount" : 0,
      "hasContent" : false,
      "stepsCount" : 0
    }, {
      "name" : "And  click on button to confirm",
      "time" : {
        "start" : 1629992509841,
        "stop" : 1629992583483,
        "duration" : 73642
      },
      "status" : "broken",
      "statusMessage" : "Cannot locate an element using xpath=/html/body/div[3]/div[2]/div/mat-dialog-container/tb-add-visitor-dialog/form/div[3]/button[2]\n\nFor documentation on this error, please visit: https://www.seleniumhq.org/exceptions/no_such_element.html\nBuild info: version: '3.141.59', revision: 'e82be7d358', time: '2018-11-14T08:17:03'\nSystem info: host: 'DESKTOP-22IC36O', ip: '192.168.1.161', os.name: 'Windows 10', os.arch: 'amd64', os.version: '10.0', java.version: '16.0.2'\nDriver info: driver.version: RemoteWebDriver",
      "statusTrace" : "org.openqa.selenium.NoSuchElementException: Cannot locate an element using xpath=/html/body/div[3]/div[2]/div/mat-dialog-container/tb-add-visitor-dialog/form/div[3]/button[2]\n\nFor documentation on this error, please visit: https://www.seleniumhq.org/exceptions/no_such_element.html\nBuild info: version: '3.141.59', revision: 'e82be7d358', time: '2018-11-14T08:17:03'\nSystem info: host: 'DESKTOP-22IC36O', ip: '192.168.1.161', os.name: 'Windows 10', os.arch: 'amd64', os.version: '10.0', java.version: '16.0.2'\nDriver info: driver.version: RemoteWebDriver\r\n\tat org.openqa.selenium.remote.RemoteWebDriver.findElement(RemoteWebDriver.java:327)\r\n\tat org.openqa.selenium.remote.RemoteWebDriver.findElementByXPath(RemoteWebDriver.java:428)\r\n\tat org.openqa.selenium.By$ByXPath.findElement(By.java:353)\r\n\tat org.openqa.selenium.remote.RemoteWebDriver.findElement(RemoteWebDriver.java:315)\r\n\tat org.openqa.selenium.support.pagefactory.DefaultElementLocator.findElement(DefaultElementLocator.java:69)\r\n\tat org.openqa.selenium.support.pagefactory.internal.LocatingElementHandler.invoke(LocatingElementHandler.java:38)\r\n\tat jdk.proxy2/jdk.proxy2.$Proxy20.click(Unknown Source)\r\n\tat com.redsea.pages.VisitorPage.clickToConfirmAdd(VisitorPage.java:138)\r\n\tat steps.VisitorSteps.clickOnButtonToConfirm(VisitorSteps.java:51)\r\n\tat ✽.click on button to confirm(file:///C:/Users/Eyaba/Documents/GitHub/RedSeaProject/src/test/java/features/T02Visitor.feature:8)\r\n",
      "steps" : [ ],
      "attachments" : [ ],
      "parameters" : [ ],
      "shouldDisplayMessage" : true,
      "attachmentsCount" : 0,
      "hasContent" : true,
      "stepsCount" : 0
    }, {
      "name" : "Then  User should navigate to visitor dashboard",
      "time" : {
        "start" : 1629992583484,
        "stop" : 1629992583485,
        "duration" : 1
      },
      "status" : "skipped",
      "steps" : [ ],
      "attachments" : [ ],
      "parameters" : [ ],
      "shouldDisplayMessage" : false,
      "attachmentsCount" : 0,
      "hasContent" : false,
      "stepsCount" : 0
    } ],
    "attachments" : [ ],
    "parameters" : [ ],
    "shouldDisplayMessage" : false,
    "attachmentsCount" : 0,
    "hasContent" : true,
    "stepsCount" : 5
  },
  "afterStages" : [ {
    "name" : "steps.Hooks.runsAfterAnyscenario()",
    "time" : {
      "start" : 1629992583485,
      "stop" : 1629992583485,
      "duration" : 0
    },
    "status" : "passed",
    "steps" : [ ],
    "attachments" : [ ],
    "parameters" : [ ],
    "shouldDisplayMessage" : false,
    "attachmentsCount" : 0,
    "hasContent" : false,
    "stepsCount" : 0
  } ],
  "labels" : [ {
    "name" : "tag",
    "value" : "SanityTest01"
  }, {
    "name" : "host",
    "value" : "DESKTOP-22IC36O"
  }, {
    "name" : "thread",
    "value" : "15056@DESKTOP-22IC36O.main(1)"
  }, {
    "name" : "feature",
    "value" : "Test the Visitor feature"
  }, {
    "name" : "story",
    "value" : "To Add a new visitor"
  }, {
    "name" : "suite",
    "value" : "Test the Visitor feature"
  }, {
    "name" : "testClass",
    "value" : "To Add a new visitor"
  }, {
    "name" : "framework",
    "value" : "cucumber4jvm"
  }, {
    "name" : "language",
    "value" : "java"
  }, {
    "name" : "gherkin_uri",
    "value" : "file:///C:/Users/Eyaba/Documents/GitHub/RedSeaProject/src/test/java/features/T02Visitor.feature"
  }, {
    "name" : "package",
    "value" : "src.test.java.features.T02Visitor_feature.Test the Visitor feature"
  }, {
    "name" : "resultFormat",
    "value" : "allure2"
  } ],
  "parameters" : [ ],
  "links" : [ ],
  "hidden" : true,
  "retry" : true,
  "extra" : {
    "categories" : [ ],
    "tags" : [ "SanityTest01" ]
  },
  "source" : "a8925c192f2ae4f4.json",
  "parameterValues" : [ ]
}