{
  "uid" : "c8c80482bb01828c",
  "name" : "To update vehicle",
  "fullName" : "Test the Vehicle feature: To update vehicle",
  "historyId" : "ed2795e482ba6ef459aee640f0434f74",
  "time" : {
    "start" : 1629800323177,
    "stop" : 1629800462947,
    "duration" : 139770
  },
  "status" : "broken",
  "statusMessage" : "Cannot locate an element using xpath=/html/body/tb-root/tb-home/mat-sidenav-container/mat-sidenav-content/div/div/tb-ag-grid-entity/mat-drawer-container/mat-drawer-content/div/div/ag-grid-angular/div/div[2]/div[2]/div[3]/div[2]/div/div/div/div[9]/div/span/tb-ag-grid-row-actions/div[2]/button[1]\nFor documentation on this error, please visit: https://www.seleniumhq.org/exceptions/no_such_element.html\nBuild info: version: '3.141.59', revision: 'e82be7d358', time: '2018-11-14T08:17:03'\nSystem info: host: 'DESKTOP-22IC36O', ip: '192.168.1.161', os.name: 'Windows 10', os.arch: 'amd64', os.version: '10.0', java.version: '16.0.2'\nDriver info: driver.version: RemoteWebDriver",
  "statusTrace" : "org.openqa.selenium.NoSuchElementException: Cannot locate an element using xpath=/html/body/tb-root/tb-home/mat-sidenav-container/mat-sidenav-content/div/div/tb-ag-grid-entity/mat-drawer-container/mat-drawer-content/div/div/ag-grid-angular/div/div[2]/div[2]/div[3]/div[2]/div/div/div/div[9]/div/span/tb-ag-grid-row-actions/div[2]/button[1]\nFor documentation on this error, please visit: https://www.seleniumhq.org/exceptions/no_such_element.html\nBuild info: version: '3.141.59', revision: 'e82be7d358', time: '2018-11-14T08:17:03'\nSystem info: host: 'DESKTOP-22IC36O', ip: '192.168.1.161', os.name: 'Windows 10', os.arch: 'amd64', os.version: '10.0', java.version: '16.0.2'\nDriver info: driver.version: RemoteWebDriver\r\n\tat org.openqa.selenium.remote.RemoteWebDriver.findElement(RemoteWebDriver.java:327)\r\n\tat org.openqa.selenium.remote.RemoteWebDriver.findElementByXPath(RemoteWebDriver.java:428)\r\n\tat org.openqa.selenium.By$ByXPath.findElement(By.java:353)\r\n\tat org.openqa.selenium.remote.RemoteWebDriver.findElement(RemoteWebDriver.java:315)\r\n\tat org.openqa.selenium.support.pagefactory.DefaultElementLocator.findElement(DefaultElementLocator.java:69)\r\n\tat org.openqa.selenium.support.pagefactory.internal.LocatingElementHandler.invoke(LocatingElementHandler.java:38)\r\n\tat jdk.proxy2/jdk.proxy2.$Proxy20.click(Unknown Source)\r\n\tat com.redsea.pages.VehiclePage.clickOnEditButton(VehiclePage.java:144)\r\n\tat steps.VehicleSteps.userSelectVehicleToUpdate(VehicleSteps.java:59)\r\n\tat ✽.User select vehicle to update(file:///C:/Users/Eyaba/Documents/GitHub/RedSeaProject/src/test/java/features/T05Vehicle.feature:13)\r\n",
  "flaky" : false,
  "newFailed" : false,
  "beforeStages" : [ {
    "name" : "steps.Hooks.runsBeforeAnyScenario()",
    "time" : {
      "start" : 1629800323177,
      "stop" : 1629800323177,
      "duration" : 0
    },
    "status" : "passed",
    "steps" : [ ],
    "attachments" : [ ],
    "parameters" : [ ],
    "shouldDisplayMessage" : false,
    "attachmentsCount" : 0,
    "hasContent" : false,
    "stepsCount" : 0
  } ],
  "testStage" : {
    "status" : "broken",
    "statusMessage" : "Cannot locate an element using xpath=/html/body/tb-root/tb-home/mat-sidenav-container/mat-sidenav-content/div/div/tb-ag-grid-entity/mat-drawer-container/mat-drawer-content/div/div/ag-grid-angular/div/div[2]/div[2]/div[3]/div[2]/div/div/div/div[9]/div/span/tb-ag-grid-row-actions/div[2]/button[1]\nFor documentation on this error, please visit: https://www.seleniumhq.org/exceptions/no_such_element.html\nBuild info: version: '3.141.59', revision: 'e82be7d358', time: '2018-11-14T08:17:03'\nSystem info: host: 'DESKTOP-22IC36O', ip: '192.168.1.161', os.name: 'Windows 10', os.arch: 'amd64', os.version: '10.0', java.version: '16.0.2'\nDriver info: driver.version: RemoteWebDriver",
    "statusTrace" : "org.openqa.selenium.NoSuchElementException: Cannot locate an element using xpath=/html/body/tb-root/tb-home/mat-sidenav-container/mat-sidenav-content/div/div/tb-ag-grid-entity/mat-drawer-container/mat-drawer-content/div/div/ag-grid-angular/div/div[2]/div[2]/div[3]/div[2]/div/div/div/div[9]/div/span/tb-ag-grid-row-actions/div[2]/button[1]\nFor documentation on this error, please visit: https://www.seleniumhq.org/exceptions/no_such_element.html\nBuild info: version: '3.141.59', revision: 'e82be7d358', time: '2018-11-14T08:17:03'\nSystem info: host: 'DESKTOP-22IC36O', ip: '192.168.1.161', os.name: 'Windows 10', os.arch: 'amd64', os.version: '10.0', java.version: '16.0.2'\nDriver info: driver.version: RemoteWebDriver\r\n\tat org.openqa.selenium.remote.RemoteWebDriver.findElement(RemoteWebDriver.java:327)\r\n\tat org.openqa.selenium.remote.RemoteWebDriver.findElementByXPath(RemoteWebDriver.java:428)\r\n\tat org.openqa.selenium.By$ByXPath.findElement(By.java:353)\r\n\tat org.openqa.selenium.remote.RemoteWebDriver.findElement(RemoteWebDriver.java:315)\r\n\tat org.openqa.selenium.support.pagefactory.DefaultElementLocator.findElement(DefaultElementLocator.java:69)\r\n\tat org.openqa.selenium.support.pagefactory.internal.LocatingElementHandler.invoke(LocatingElementHandler.java:38)\r\n\tat jdk.proxy2/jdk.proxy2.$Proxy20.click(Unknown Source)\r\n\tat com.redsea.pages.VehiclePage.clickOnEditButton(VehiclePage.java:144)\r\n\tat steps.VehicleSteps.userSelectVehicleToUpdate(VehicleSteps.java:59)\r\n\tat ✽.User select vehicle to update(file:///C:/Users/Eyaba/Documents/GitHub/RedSeaProject/src/test/java/features/T05Vehicle.feature:13)\r\n",
    "steps" : [ {
      "name" : "Given  User select vehicle to update",
      "time" : {
        "start" : 1629800323177,
        "stop" : 1629800462940,
        "duration" : 139763
      },
      "status" : "broken",
      "statusMessage" : "Cannot locate an element using xpath=/html/body/tb-root/tb-home/mat-sidenav-container/mat-sidenav-content/div/div/tb-ag-grid-entity/mat-drawer-container/mat-drawer-content/div/div/ag-grid-angular/div/div[2]/div[2]/div[3]/div[2]/div/div/div/div[9]/div/span/tb-ag-grid-row-actions/div[2]/button[1]\nFor documentation on this error, please visit: https://www.seleniumhq.org/exceptions/no_such_element.html\nBuild info: version: '3.141.59', revision: 'e82be7d358', time: '2018-11-14T08:17:03'\nSystem info: host: 'DESKTOP-22IC36O', ip: '192.168.1.161', os.name: 'Windows 10', os.arch: 'amd64', os.version: '10.0', java.version: '16.0.2'\nDriver info: driver.version: RemoteWebDriver",
      "statusTrace" : "org.openqa.selenium.NoSuchElementException: Cannot locate an element using xpath=/html/body/tb-root/tb-home/mat-sidenav-container/mat-sidenav-content/div/div/tb-ag-grid-entity/mat-drawer-container/mat-drawer-content/div/div/ag-grid-angular/div/div[2]/div[2]/div[3]/div[2]/div/div/div/div[9]/div/span/tb-ag-grid-row-actions/div[2]/button[1]\nFor documentation on this error, please visit: https://www.seleniumhq.org/exceptions/no_such_element.html\nBuild info: version: '3.141.59', revision: 'e82be7d358', time: '2018-11-14T08:17:03'\nSystem info: host: 'DESKTOP-22IC36O', ip: '192.168.1.161', os.name: 'Windows 10', os.arch: 'amd64', os.version: '10.0', java.version: '16.0.2'\nDriver info: driver.version: RemoteWebDriver\r\n\tat org.openqa.selenium.remote.RemoteWebDriver.findElement(RemoteWebDriver.java:327)\r\n\tat org.openqa.selenium.remote.RemoteWebDriver.findElementByXPath(RemoteWebDriver.java:428)\r\n\tat org.openqa.selenium.By$ByXPath.findElement(By.java:353)\r\n\tat org.openqa.selenium.remote.RemoteWebDriver.findElement(RemoteWebDriver.java:315)\r\n\tat org.openqa.selenium.support.pagefactory.DefaultElementLocator.findElement(DefaultElementLocator.java:69)\r\n\tat org.openqa.selenium.support.pagefactory.internal.LocatingElementHandler.invoke(LocatingElementHandler.java:38)\r\n\tat jdk.proxy2/jdk.proxy2.$Proxy20.click(Unknown Source)\r\n\tat com.redsea.pages.VehiclePage.clickOnEditButton(VehiclePage.java:144)\r\n\tat steps.VehicleSteps.userSelectVehicleToUpdate(VehicleSteps.java:59)\r\n\tat ✽.User select vehicle to update(file:///C:/Users/Eyaba/Documents/GitHub/RedSeaProject/src/test/java/features/T05Vehicle.feature:13)\r\n",
      "steps" : [ ],
      "attachments" : [ ],
      "parameters" : [ ],
      "shouldDisplayMessage" : true,
      "attachmentsCount" : 0,
      "hasContent" : true,
      "stepsCount" : 0
    }, {
      "name" : "When  User update vehicle information",
      "time" : {
        "start" : 1629800462940,
        "stop" : 1629800462941,
        "duration" : 1
      },
      "status" : "skipped",
      "steps" : [ ],
      "attachments" : [ ],
      "parameters" : [ ],
      "shouldDisplayMessage" : false,
      "attachmentsCount" : 0,
      "hasContent" : false,
      "stepsCount" : 0
    }, {
      "name" : "Then  User click on save vehicle update button",
      "time" : {
        "start" : 1629800462941,
        "stop" : 1629800462942,
        "duration" : 1
      },
      "status" : "skipped",
      "steps" : [ ],
      "attachments" : [ ],
      "parameters" : [ ],
      "shouldDisplayMessage" : false,
      "attachmentsCount" : 0,
      "hasContent" : false,
      "stepsCount" : 0
    } ],
    "attachments" : [ ],
    "parameters" : [ ],
    "shouldDisplayMessage" : false,
    "attachmentsCount" : 0,
    "hasContent" : true,
    "stepsCount" : 3
  },
  "afterStages" : [ {
    "name" : "steps.Hooks.runsAfterAnyscenario()",
    "time" : {
      "start" : 1629800462942,
      "stop" : 1629800462942,
      "duration" : 0
    },
    "status" : "passed",
    "steps" : [ ],
    "attachments" : [ ],
    "parameters" : [ ],
    "shouldDisplayMessage" : false,
    "attachmentsCount" : 0,
    "hasContent" : false,
    "stepsCount" : 0
  } ],
  "labels" : [ {
    "name" : "tag",
    "value" : "SanityTest01"
  }, {
    "name" : "host",
    "value" : "DESKTOP-22IC36O"
  }, {
    "name" : "thread",
    "value" : "888@DESKTOP-22IC36O.main(1)"
  }, {
    "name" : "feature",
    "value" : "Test the Vehicle feature"
  }, {
    "name" : "story",
    "value" : "To update vehicle"
  }, {
    "name" : "suite",
    "value" : "Test the Vehicle feature"
  }, {
    "name" : "testClass",
    "value" : "To update vehicle"
  }, {
    "name" : "framework",
    "value" : "cucumber4jvm"
  }, {
    "name" : "language",
    "value" : "java"
  }, {
    "name" : "gherkin_uri",
    "value" : "file:///C:/Users/Eyaba/Documents/GitHub/RedSeaProject/src/test/java/features/T05Vehicle.feature"
  }, {
    "name" : "package",
    "value" : "src.test.java.features.T05Vehicle_feature.Test the Vehicle feature"
  }, {
    "name" : "resultFormat",
    "value" : "allure2"
  } ],
  "parameters" : [ ],
  "links" : [ ],
  "hidden" : true,
  "retry" : true,
  "extra" : {
    "categories" : [ ],
    "tags" : [ "SanityTest01" ]
  },
  "source" : "c8c80482bb01828c.json",
  "parameterValues" : [ ]
}