{
  "uid" : "ccf8d19208a36d61",
  "name" : "To update workforce",
  "fullName" : "Test the Workforce feature: To update workforce",
  "historyId" : "f942e3b8c9476a9163ccf3d1ca4c10fa",
  "time" : {
    "start" : 1629363642014,
    "stop" : 1629363765112,
    "duration" : 123098
  },
  "status" : "broken",
  "statusMessage" : "Cannot locate an element using xpath=/html/body/div[3]/div[2]/div/mat-dialog-container/tb-edit-visitor-dialog/form/div[3]/button[2]\nFor documentation on this error, please visit: https://www.seleniumhq.org/exceptions/no_such_element.html\nBuild info: version: '3.141.59', revision: 'e82be7d358', time: '2018-11-14T08:17:03'\nSystem info: host: 'EYAB', ip: '169.254.78.167', os.name: 'Windows 10', os.arch: 'amd64', os.version: '10.0', java.version: '11.0.12'\nDriver info: driver.version: RemoteWebDriver",
  "statusTrace" : "org.openqa.selenium.NoSuchElementException: Cannot locate an element using xpath=/html/body/div[3]/div[2]/div/mat-dialog-container/tb-edit-visitor-dialog/form/div[3]/button[2]\nFor documentation on this error, please visit: https://www.seleniumhq.org/exceptions/no_such_element.html\nBuild info: version: '3.141.59', revision: 'e82be7d358', time: '2018-11-14T08:17:03'\nSystem info: host: 'EYAB', ip: '169.254.78.167', os.name: 'Windows 10', os.arch: 'amd64', os.version: '10.0', java.version: '11.0.12'\nDriver info: driver.version: RemoteWebDriver\r\n\tat org.openqa.selenium.remote.RemoteWebDriver.findElement(RemoteWebDriver.java:327)\r\n\tat org.openqa.selenium.remote.RemoteWebDriver.findElementByXPath(RemoteWebDriver.java:428)\r\n\tat org.openqa.selenium.By$ByXPath.findElement(By.java:353)\r\n\tat org.openqa.selenium.remote.RemoteWebDriver.findElement(RemoteWebDriver.java:315)\r\n\tat org.openqa.selenium.support.pagefactory.DefaultElementLocator.findElement(DefaultElementLocator.java:69)\r\n\tat org.openqa.selenium.support.pagefactory.internal.LocatingElementHandler.invoke(LocatingElementHandler.java:38)\r\n\tat com.sun.proxy.$Proxy20.click(Unknown Source)\r\n\tat com.redsea.pages.WorkforcePage.saveUpdateButton(WorkforcePage.java:217)\r\n\tat steps.WorkforceSteps.userClickOnSaveWorkforceUpdateButton(WorkforceSteps.java:82)\r\n\tat ✽.User click on save workforce update button(file:///C:/Users/Eya/Desktop/Internship/Project%20with%20pom/src/test/java/features/T04Workforce.feature:15)\r\n",
  "flaky" : false,
  "newFailed" : false,
  "beforeStages" : [ {
    "name" : "steps.Hooks.runsBeforeAnyScenario()",
    "time" : {
      "start" : 1629363642014,
      "stop" : 1629363642015,
      "duration" : 1
    },
    "status" : "passed",
    "steps" : [ ],
    "attachments" : [ ],
    "parameters" : [ ],
    "shouldDisplayMessage" : false,
    "attachmentsCount" : 0,
    "hasContent" : false,
    "stepsCount" : 0
  } ],
  "testStage" : {
    "status" : "broken",
    "statusMessage" : "Cannot locate an element using xpath=/html/body/div[3]/div[2]/div/mat-dialog-container/tb-edit-visitor-dialog/form/div[3]/button[2]\nFor documentation on this error, please visit: https://www.seleniumhq.org/exceptions/no_such_element.html\nBuild info: version: '3.141.59', revision: 'e82be7d358', time: '2018-11-14T08:17:03'\nSystem info: host: 'EYAB', ip: '169.254.78.167', os.name: 'Windows 10', os.arch: 'amd64', os.version: '10.0', java.version: '11.0.12'\nDriver info: driver.version: RemoteWebDriver",
    "statusTrace" : "org.openqa.selenium.NoSuchElementException: Cannot locate an element using xpath=/html/body/div[3]/div[2]/div/mat-dialog-container/tb-edit-visitor-dialog/form/div[3]/button[2]\nFor documentation on this error, please visit: https://www.seleniumhq.org/exceptions/no_such_element.html\nBuild info: version: '3.141.59', revision: 'e82be7d358', time: '2018-11-14T08:17:03'\nSystem info: host: 'EYAB', ip: '169.254.78.167', os.name: 'Windows 10', os.arch: 'amd64', os.version: '10.0', java.version: '11.0.12'\nDriver info: driver.version: RemoteWebDriver\r\n\tat org.openqa.selenium.remote.RemoteWebDriver.findElement(RemoteWebDriver.java:327)\r\n\tat org.openqa.selenium.remote.RemoteWebDriver.findElementByXPath(RemoteWebDriver.java:428)\r\n\tat org.openqa.selenium.By$ByXPath.findElement(By.java:353)\r\n\tat org.openqa.selenium.remote.RemoteWebDriver.findElement(RemoteWebDriver.java:315)\r\n\tat org.openqa.selenium.support.pagefactory.DefaultElementLocator.findElement(DefaultElementLocator.java:69)\r\n\tat org.openqa.selenium.support.pagefactory.internal.LocatingElementHandler.invoke(LocatingElementHandler.java:38)\r\n\tat com.sun.proxy.$Proxy20.click(Unknown Source)\r\n\tat com.redsea.pages.WorkforcePage.saveUpdateButton(WorkforcePage.java:217)\r\n\tat steps.WorkforceSteps.userClickOnSaveWorkforceUpdateButton(WorkforceSteps.java:82)\r\n\tat ✽.User click on save workforce update button(file:///C:/Users/Eya/Desktop/Internship/Project%20with%20pom/src/test/java/features/T04Workforce.feature:15)\r\n",
    "steps" : [ {
      "name" : "Given  User select workforce to update",
      "time" : {
        "start" : 1629363642015,
        "stop" : 1629363676055,
        "duration" : 34040
      },
      "status" : "passed",
      "steps" : [ ],
      "attachments" : [ ],
      "parameters" : [ ],
      "shouldDisplayMessage" : false,
      "attachmentsCount" : 0,
      "hasContent" : false,
      "stepsCount" : 0
    }, {
      "name" : "When  User update workforce information",
      "time" : {
        "start" : 1629363676055,
        "stop" : 1629363684454,
        "duration" : 8399
      },
      "status" : "passed",
      "steps" : [ ],
      "attachments" : [ ],
      "parameters" : [ ],
      "shouldDisplayMessage" : false,
      "attachmentsCount" : 0,
      "hasContent" : false,
      "stepsCount" : 0
    }, {
      "name" : "Then  User click on save workforce update button",
      "time" : {
        "start" : 1629363684454,
        "stop" : 1629363765081,
        "duration" : 80627
      },
      "status" : "broken",
      "statusMessage" : "Cannot locate an element using xpath=/html/body/div[3]/div[2]/div/mat-dialog-container/tb-edit-visitor-dialog/form/div[3]/button[2]\nFor documentation on this error, please visit: https://www.seleniumhq.org/exceptions/no_such_element.html\nBuild info: version: '3.141.59', revision: 'e82be7d358', time: '2018-11-14T08:17:03'\nSystem info: host: 'EYAB', ip: '169.254.78.167', os.name: 'Windows 10', os.arch: 'amd64', os.version: '10.0', java.version: '11.0.12'\nDriver info: driver.version: RemoteWebDriver",
      "statusTrace" : "org.openqa.selenium.NoSuchElementException: Cannot locate an element using xpath=/html/body/div[3]/div[2]/div/mat-dialog-container/tb-edit-visitor-dialog/form/div[3]/button[2]\nFor documentation on this error, please visit: https://www.seleniumhq.org/exceptions/no_such_element.html\nBuild info: version: '3.141.59', revision: 'e82be7d358', time: '2018-11-14T08:17:03'\nSystem info: host: 'EYAB', ip: '169.254.78.167', os.name: 'Windows 10', os.arch: 'amd64', os.version: '10.0', java.version: '11.0.12'\nDriver info: driver.version: RemoteWebDriver\r\n\tat org.openqa.selenium.remote.RemoteWebDriver.findElement(RemoteWebDriver.java:327)\r\n\tat org.openqa.selenium.remote.RemoteWebDriver.findElementByXPath(RemoteWebDriver.java:428)\r\n\tat org.openqa.selenium.By$ByXPath.findElement(By.java:353)\r\n\tat org.openqa.selenium.remote.RemoteWebDriver.findElement(RemoteWebDriver.java:315)\r\n\tat org.openqa.selenium.support.pagefactory.DefaultElementLocator.findElement(DefaultElementLocator.java:69)\r\n\tat org.openqa.selenium.support.pagefactory.internal.LocatingElementHandler.invoke(LocatingElementHandler.java:38)\r\n\tat com.sun.proxy.$Proxy20.click(Unknown Source)\r\n\tat com.redsea.pages.WorkforcePage.saveUpdateButton(WorkforcePage.java:217)\r\n\tat steps.WorkforceSteps.userClickOnSaveWorkforceUpdateButton(WorkforceSteps.java:82)\r\n\tat ✽.User click on save workforce update button(file:///C:/Users/Eya/Desktop/Internship/Project%20with%20pom/src/test/java/features/T04Workforce.feature:15)\r\n",
      "steps" : [ ],
      "attachments" : [ ],
      "parameters" : [ ],
      "shouldDisplayMessage" : true,
      "attachmentsCount" : 0,
      "hasContent" : true,
      "stepsCount" : 0
    } ],
    "attachments" : [ ],
    "parameters" : [ ],
    "shouldDisplayMessage" : false,
    "attachmentsCount" : 0,
    "hasContent" : true,
    "stepsCount" : 3
  },
  "afterStages" : [ {
    "name" : "steps.Hooks.runsAfterAnyscenario()",
    "time" : {
      "start" : 1629363765081,
      "stop" : 1629363765081,
      "duration" : 0
    },
    "status" : "passed",
    "steps" : [ ],
    "attachments" : [ ],
    "parameters" : [ ],
    "shouldDisplayMessage" : false,
    "attachmentsCount" : 0,
    "hasContent" : false,
    "stepsCount" : 0
  } ],
  "labels" : [ {
    "name" : "tag",
    "value" : "SanityTest01"
  }, {
    "name" : "host",
    "value" : "Eyab"
  }, {
    "name" : "thread",
    "value" : "7496@Eyab.main(1)"
  }, {
    "name" : "feature",
    "value" : "Test the Workforce feature"
  }, {
    "name" : "story",
    "value" : "To update workforce"
  }, {
    "name" : "suite",
    "value" : "Test the Workforce feature"
  }, {
    "name" : "testClass",
    "value" : "To update workforce"
  }, {
    "name" : "framework",
    "value" : "cucumber4jvm"
  }, {
    "name" : "language",
    "value" : "java"
  }, {
    "name" : "gherkin_uri",
    "value" : "file:///C:/Users/Eya/Desktop/Internship/Project%20with%20pom/src/test/java/features/T04Workforce.feature"
  }, {
    "name" : "package",
    "value" : "src.test.java.features.T04Workforce_feature.Test the Workforce feature"
  }, {
    "name" : "resultFormat",
    "value" : "allure2"
  } ],
  "parameters" : [ ],
  "links" : [ ],
  "hidden" : true,
  "retry" : true,
  "extra" : {
    "categories" : [ ],
    "tags" : [ "SanityTest01" ]
  },
  "source" : "ccf8d19208a36d61.json",
  "parameterValues" : [ ]
}